{"C:\\Users\\SQUADRA\\Desktop\\Studies\\Algorithms\\insertion_sort_algorithm\\src\\insertion_sort.ts": {"path":"C:\\Users\\SQUADRA\\Desktop\\Studies\\Algorithms\\insertion_sort_algorithm\\src\\insertion_sort.ts","statementMap":{"0":{"start":{"line":2,"column":10},"end":{"line":2,"column":12}},"1":{"start":{"line":5,"column":4},"end":{"line":5,"column":31}},"2":{"start":{"line":9,"column":4},"end":{"line":17,"column":5}},"3":{"start":{"line":9,"column":17},"end":{"line":9,"column":18}},"4":{"start":{"line":10,"column":16},"end":{"line":10,"column":29}},"5":{"start":{"line":11,"column":14},"end":{"line":11,"column":19}},"6":{"start":{"line":12,"column":6},"end":{"line":15,"column":7}},"7":{"start":{"line":13,"column":8},"end":{"line":13,"column":42}},"8":{"start":{"line":14,"column":8},"end":{"line":14,"column":12}},"9":{"start":{"line":16,"column":6},"end":{"line":16,"column":30}},"10":{"start":{"line":18,"column":4},"end":{"line":18,"column":22}},"11":{"start":{"line":22,"column":4},"end":{"line":30,"column":5}},"12":{"start":{"line":22,"column":17},"end":{"line":22,"column":18}},"13":{"start":{"line":23,"column":16},"end":{"line":23,"column":29}},"14":{"start":{"line":24,"column":14},"end":{"line":24,"column":19}},"15":{"start":{"line":25,"column":6},"end":{"line":28,"column":7}},"16":{"start":{"line":26,"column":8},"end":{"line":26,"column":42}},"17":{"start":{"line":27,"column":8},"end":{"line":27,"column":12}},"18":{"start":{"line":29,"column":6},"end":{"line":29,"column":30}},"19":{"start":{"line":31,"column":4},"end":{"line":31,"column":22}}},"fnMap":{"0":{"name":"(anonymous_0)","decl":{"start":{"line":4,"column":2},"end":{"line":4,"column":3}},"loc":{"start":{"line":4,"column":29},"end":{"line":6,"column":3}},"line":4},"1":{"name":"(anonymous_1)","decl":{"start":{"line":8,"column":2},"end":{"line":8,"column":3}},"loc":{"start":{"line":8,"column":18},"end":{"line":19,"column":3}},"line":8},"2":{"name":"(anonymous_2)","decl":{"start":{"line":21,"column":2},"end":{"line":21,"column":3}},"loc":{"start":{"line":21,"column":19},"end":{"line":32,"column":3}},"line":21}},"branchMap":{"0":{"loc":{"start":{"line":12,"column":13},"end":{"line":12,"column":42}},"type":"binary-expr","locations":[{"start":{"line":12,"column":13},"end":{"line":12,"column":19}},{"start":{"line":12,"column":23},"end":{"line":12,"column":42}}],"line":12},"1":{"loc":{"start":{"line":25,"column":13},"end":{"line":25,"column":42}},"type":"binary-expr","locations":[{"start":{"line":25,"column":13},"end":{"line":25,"column":19}},{"start":{"line":25,"column":23},"end":{"line":25,"column":42}}],"line":25}},"s":{"0":1,"1":1,"2":1,"3":1,"4":5,"5":5,"6":5,"7":9,"8":9,"9":5,"10":1,"11":1,"12":1,"13":5,"14":5,"15":5,"16":15,"17":15,"18":5,"19":1},"f":{"0":1,"1":1,"2":1},"b":{"0":[14,12],"1":[20,15]},"_coverageSchema":"1a1c01bbd47fc00a2c39e90264f33305004495a9","hash":"0c17c3e9214ed42baa9baa872c785ebb19f14713"}
,"C:\\Users\\SQUADRA\\Desktop\\Studies\\Algorithms\\insertion_sort_algorithm\\src\\mocks\\arrays.ts": {"path":"C:\\Users\\SQUADRA\\Desktop\\Studies\\Algorithms\\insertion_sort_algorithm\\src\\mocks\\arrays.ts","statementMap":{"0":{"start":{"line":1,"column":29},"end":{"line":1,"column":47}},"1":{"start":{"line":2,"column":27},"end":{"line":2,"column":45}},"2":{"start":{"line":3,"column":34},"end":{"line":3,"column":52}}},"fnMap":{},"branchMap":{},"s":{"0":1,"1":1,"2":1},"f":{},"b":{},"_coverageSchema":"1a1c01bbd47fc00a2c39e90264f33305004495a9","hash":"baab656e1b5bd712d4a2aa99e07922728423cf98"}
}
